2025-04-03 11:12:09,945 - INFO - Kaggle API authenticated successfully
2025-04-03 11:12:09,945 - INFO - Data Ingestion Pipeline Started...
2025-04-03 11:12:13,212 - INFO - Dataset gauravmalik26/food-delivery-dataset downloaded successfully
2025-04-03 11:12:13,213 - INFO - Removed unwanted file: Sample_Submission.csv
2025-04-03 11:12:13,429 - INFO - Loaded train.csv with 45593 rows and test.csv with 11399 rows
2025-04-03 11:12:13,895 - INFO - Data saved successfully. Train rows: 45593, Test rows: 11399
2025-04-03 11:12:13,895 - INFO - End of Data Ingestion Pipeline
2025-04-03 11:12:13,897 - INFO - Your Data Processing is initialized...
2025-04-03 11:12:13,897 - INFO - Starting Data Processing Pipeline...
2025-04-03 11:12:14,061 - INFO - Read the train and test data successfully
2025-04-03 11:12:14,817 - INFO - Data preprocessing completed for DataFrame
2025-04-03 11:12:21,779 - INFO - Label encoding completed for DataFrame
2025-04-03 11:12:21,802 - INFO - Feature engineering completed for DataFrame
2025-04-03 11:12:21,961 - INFO - Data preprocessing completed for DataFrame
2025-04-03 11:12:23,731 - INFO - Label encoding completed for DataFrame
2025-04-03 11:12:23,731 - INFO - Feature engineering completed for DataFrame
2025-04-03 11:12:23,793 - INFO - Data split and scaled successfully
2025-04-03 11:13:15,729 - INFO - Train data features stored in Redis
2025-04-03 11:13:15,743 - INFO - End of Data Processing Pipeline...
2025-04-03 11:13:15,745 - INFO - Model Training initialized...
2025-04-03 11:13:15,745 - INFO - Starting Model Training Pipeline...
2025-04-03 11:13:15,928 - INFO - Extracting data from Redis
2025-04-03 11:13:55,797 - INFO - Extracting data from Redis
2025-04-03 11:14:04,826 - INFO - Prepared data - X_train shape: (36474, 12), X_test shape: (9119, 12)
2025-04-03 11:14:40,208 - INFO - Best XGBoost parameters: {'subsample': 1.0, 'n_estimators': 150, 'max_depth': 7, 'learning_rate': 0.1, 'colsample_bytree': 0.8}
2025-04-03 11:14:40,208 - INFO - Best CV R2 Score: 0.8223
2025-04-03 11:14:40,670 - INFO - XGBoost Model Performance - RMSE: 3.90, MAE: 3.09, R2: 0.83
2025-04-03 11:14:40,695 - INFO - Model saved at artifacts/models\model.pkl, Size: 0.34 MB
2025-04-03 11:14:40,703 - INFO - Scaler saved at artifacts/models\scaler.pkl, Size: 0.00 MB
2025-04-03 11:14:40,703 - INFO - End of Model Training Pipeline...
